<?xml version="1.0" encoding="UTF-8"?>
<!-- Generated by org.testng.reporters.JUnitReportReporter -->
<testsuite skipped="0" hostname="BDC7-L-6441R9C" name="com.crm.qa.testcases.HomePageTest" tests="3" failures="0" timestamp="29 Jul 2018 08:30:49 GMT" time="73.049" errors="0">
  <testcase name="validateUserNameLabelIsDisplayed" time="24.448" classname="com.crm.qa.testcases.HomePageTest"/>
  <testcase name="validateUserNameLabelTest" time="25.738" classname="com.crm.qa.testcases.HomePageTest"/>
  <testcase name="verifyContactListTest" time="22.863" classname="com.crm.qa.testcases.HomePageTest"/>
</testsuite> <!-- com.crm.qa.testcases.HomePageTest -->
