<?xml version="1.0" encoding="UTF-8"?>
<!-- Generated by org.testng.reporters.JUnitReportReporter -->
<testsuite skipped="0" hostname="BDC7-L-6441R9C" name="com.crm.qa.testcases.LoginPageTest" tests="3" failures="0" timestamp="29 Jul 2018 08:30:49 GMT" time="86.947" errors="0">
  <testcase name="logonPageTitleTest" time="46.367" classname="com.crm.qa.testcases.LoginPageTest"/>
  <testcase name="crmLogoTest" time="14.200" classname="com.crm.qa.testcases.LoginPageTest"/>
  <testcase name="loginTest" time="26.380" classname="com.crm.qa.testcases.LoginPageTest"/>
</testsuite> <!-- com.crm.qa.testcases.LoginPageTest -->
