<?xml version="1.0" encoding="UTF-8"?>
<!-- Generated by org.testng.reporters.JUnitReportReporter -->
<testsuite skipped="0" hostname="BDC7-L-6441R9C" name="com.crm.qa.testcases.DealsPageTest" tests="3" failures="0" timestamp="12 Jul 2018 10:22:24 GMT" time="22.064" errors="0">
  <testcase name="addNewDeal" time="9.356" classname="com.crm.qa.testcases.DealsPageTest"/>
  <testcase name="addNewDeal" time="6.659" classname="com.crm.qa.testcases.DealsPageTest"/>
  <testcase name="addNewDeal" time="6.049" classname="com.crm.qa.testcases.DealsPageTest"/>
</testsuite> <!-- com.crm.qa.testcases.DealsPageTest -->
