<?xml version="1.0" encoding="UTF-8"?>
<!-- Generated by org.testng.reporters.JUnitReportReporter -->
<testsuite skipped="0" hostname="BDC7-L-6441R9C" name="com.crm.qa.testcases.ContactsPageTest" tests="4" failures="0" timestamp="29 Jul 2018 08:30:48 GMT" time="126.360" errors="0">
  <testcase name="verifyContactPageLabel" time="32.183" classname="com.crm.qa.testcases.ContactsPageTest"/>
  <testcase name="addNewContacts" time="35.724" classname="com.crm.qa.testcases.ContactsPageTest"/>
  <testcase name="addNewContacts" time="26.857" classname="com.crm.qa.testcases.ContactsPageTest"/>
  <testcase name="addNewContacts" time="31.596" classname="com.crm.qa.testcases.ContactsPageTest"/>
</testsuite> <!-- com.crm.qa.testcases.ContactsPageTest -->
